Aug 19, 2021 10:36:07 AM org.ssglobal.training.codes.FunList enableDisplay
INFO: execute enableDisplay
Aug 19, 2021 10:36:07 AM org.ssglobal.training.codes.FunList enableDisplay
WARNING: custom Date is deprecated
Aug 19, 2021 10:36:07 AM org.ssglobal.training.codes.FunList showLines
INFO: execute showLines
Aug 19, 2021 10:36:07 AM org.ssglobal.training.codes.FunList showLines
INFO: exit without errors showLines
Aug 19, 2021 10:36:07 AM org.ssglobal.training.codes.FunList enableDisplay
INFO: exit without errors enableDisplay
Aug 19, 2021 10:37:20 AM org.ssglobal.training.codes.FunList enableDisplay
INFO: execute enableDisplay
Aug 19, 2021 10:37:20 AM org.ssglobal.training.codes.FunList enableDisplay
WARNING: custom Date is deprecated
Aug 19, 2021 10:37:20 AM org.ssglobal.training.codes.FunList showLines
INFO: execute showLines
Aug 19, 2021 10:37:20 AM org.ssglobal.training.codes.FunList showLines
INFO: exit without errors showLines
Aug 19, 2021 10:37:20 AM org.ssglobal.training.codes.FunList enableDisplay
INFO: exit without errors enableDisplay
Aug 19, 2021 10:37:27 AM org.ssglobal.training.codes.FunList enableDisplay
INFO: execute enableDisplay
Aug 19, 2021 10:37:27 AM org.ssglobal.training.codes.FunList enableDisplay
WARNING: custom Date is deprecated
Aug 19, 2021 10:37:27 AM org.ssglobal.training.codes.FunList showLines
INFO: execute showLines
Aug 19, 2021 10:37:27 AM org.ssglobal.training.codes.FunList showLines
INFO: exit without errors showLines
Aug 19, 2021 10:37:27 AM org.ssglobal.training.codes.FunList enableDisplay
INFO: exit without errors enableDisplay
Aug 19, 2021 10:37:31 AM org.ssglobal.training.codes.FunList enableDisplay
INFO: execute enableDisplay
Aug 19, 2021 10:37:32 AM org.ssglobal.training.codes.FunList enableDisplay
WARNING: custom Date is deprecated
Aug 19, 2021 10:37:32 AM org.ssglobal.training.codes.FunList showLines
INFO: execute showLines
Aug 19, 2021 10:37:32 AM org.ssglobal.training.codes.FunList showLines
INFO: exit without errors showLines
Aug 19, 2021 10:37:32 AM org.ssglobal.training.codes.FunList enableDisplay
INFO: exit without errors enableDisplay
